<?xml version="1.0" encoding="UTF-8"?>
<testsuite xmlns:xsi="http://www.w3.org/2001/XMLSchema-instance" xsi:noNamespaceSchemaLocation="https://maven.apache.org/surefire/maven-surefire-plugin/xsd/surefire-test-report-3.0.xsd" version="3.0" name="testRunner.TestRunner" time="2.126" tests="5" errors="0" skipped="4" failures="0">
  <properties>
[...]
</properties>
  <testcase name="Given User is on CRMHomePage" classname="Scenario: Create a new deal data creation" time="0">
    <skipped/>
    <system-out><![CDATA[Feature: Deals Data creation
]]></system-out>
  </testcase>
  <testcase name="Then User move to New Deal Page" classname="Scenario: Create a new deal data creation" time="0">
    <skipped/>
  </testcase>
  <testcase name="Then User enters deals details" classname="Scenario: Create a new deal data creation" time="0">
    <skipped/>
  </testcase>
  <testcase name="Then Close the browser" classname="Scenario: Create a new deal data creation" time="0">
    <skipped/>
  </testcase>
  <testcase name="Scenario: Create a new deal data creation" classname="Scenario: Create a new deal data creation" time="0.488"/>
</testsuite>