<?xml version="1.0" encoding="UTF-8"?>
<testsuite xmlns:xsi="http://www.w3.org/2001/XMLSchema-instance" xsi:noNamespaceSchemaLocation="https://maven.apache.org/surefire/maven-surefire-plugin/xsd/surefire-test-report-3.0.xsd" version="3.0" name="testRunner.TestRunner" time="68.461" tests="14" errors="0" skipped="1" failures="2">
  <properties>
[...]
</properties>
  <testcase name="Given User is on CRMHomePage" classname="Scenario: This scenario is to create call in CRM Application" time="0.001"/>
  <testcase name="When User Navigates to New Call Page" classname="Scenario: This scenario is to create call in CRM Application" time="0"/>
  <testcase name="Then User enters the call details" classname="Scenario: This scenario is to create call in CRM Application" time="0"/>
  <testcase name="And Extract the Task id" classname="Scenario: This scenario is to create call in CRM Application" time="0"/>
  <testcase name="And Extract the Case id" classname="Scenario: This scenario is to create call in CRM Application" time="0.001"/>
  <testcase name="And Extract the Deal id" classname="Scenario: This scenario is to create call in CRM Application" time="0.032">
    <failure message="expected:&lt;true&gt; but was:&lt;false&gt;" type="junit.framework.AssertionFailedError"><![CDATA[junit.framework.AssertionFailedError: expected:<true> but was:<false>
]]></failure>
    <system-out><![CDATA[Extracting the Deal Id from Call creation is Deal: 10210 :
***********The Deal Id from Call Creation is 10210
]]></system-out>
  </testcase>
  <testcase name="Scenario: This scenario is to create call in CRM Application" classname="Scenario: This scenario is to create call in CRM Application" time="0.032">
    <failure message="expected:&lt;true&gt; but was:&lt;false&gt;" type="junit.framework.AssertionFailedError"><![CDATA[junit.framework.AssertionFailedError: expected:<true> but was:<false>
]]></failure>
  </testcase>
  <testcase name="And Click on Submit button" classname="Scenario: This scenario is to create call in CRM Application" time="0">
    <skipped/>
  </testcase>
  <testcase name="Given User is on CRMHomePage" classname="Scenario: Creating a New Product using Deals" time="0"/>
  <testcase name="When User moves to New Product Page" classname="Scenario: Creating a New Product using Deals" time="0"/>
  <testcase name="And User enters Product details" classname="Scenario: Creating a New Product using Deals" time="0.001"/>
  <testcase name="Then Clicked on Save button" classname="Scenario: Creating a New Product using Deals" time="0"/>
  <testcase name="Then Product created Succesfully" classname="Scenario: Creating a New Product using Deals" time="0"/>
  <testcase name="Scenario: Creating a New Product using Deals" classname="Scenario: Creating a New Product using Deals" time="2.618"/>
</testsuite>